app/build 3/outputs/logs/manifest-merger-debug-report.txt
-- Merging decision tree log ---
manifest
ADDED from src/main/AndroidManifest.xml:2:1-72:12
INJECTED from src/main/AndroidManifest.xml:2:1-72:12
INJECTED from src/main/AndroidManifest.xml:2:1-72:12
INJECTED from src/main/AndroidManifest.xml:2:1-72:12
MERGED from [androidx.databinding:databinding-adapters:4.2.2] AndroidManifest.xml:17:1-22:12
MERGED from [androidx.databinding:databinding-runtime:4.2.2] AndroidManifest.xml:17:1-22:12
MERGED from [androidx.databinding:viewbinding:4.2.2] AndroidManifest.xml:17:1-22:12
MERGED from [androidx.navigation:navigation-ui:2.3.5] AndroidManifest.xml:17:1-24:12
MERGED from [com.google.android.material:material:1.4.0] AndroidManifest.xml:17:1-24:12
MERGED from [androidx.constraintlayout:constraintlayout:2.1.1] AndroidManifest.xml:2:1-11:12
MERGED from [com.google.android.libraries.places:places:2.4.0] AndroidManifest.xml:2:1-23:12
MERGED from [androidx.appcompat:appcompat:1.3.1] AndroidManifest.xml:17:1-24:12
MERGED from [androidx.legacy:legacy-support-v4:1.0.0] AndroidManifest.xml:17:1-22:12
MERGED from [androidx.navigation:navigation-fragment:2.3.5] AndroidManifest.xml:17:1-24:12
MERGED from [androidx.room:room-runtime:2.3.0] AndroidManifest.xml:17:1-31:12
MERGED from [com.google.android.gms:play-services-location:18.0.0] AndroidManifest.xml:2:1-9:12
MERGED from [com.google.android.gms:play-services-maps:17.0.1] AndroidManifest.xml:17:1-44:12
MERGED from [com.google.maps.android:android-maps-utils:2.2.0] AndroidManifest.xml:2:1-17:12
MERGED from [com.github.bumptech.glide:glide:4.12.0] AndroidManifest.xml:2:1-12:12
MERGED from [com.mapbox.mapboxsdk:mapbox-android-sdk:9.2.0] AndroidManifest.xml:2:1-21:12
MERGED from [org.tensorflow:tensorflow-lite-support:0.0.0-nightly] AndroidManifest.xml:2:1-5:12
MERGED from [org.tensorflow:tensorflow-lite:0.0.0-nightly] AndroidManifest.xml:2:1-12:12
MERGED from [org.tensorflow:tensorflow-lite-gpu:0.0.0-nightly] AndroidManifest.xml:2:1-12:12
MERGED from [androidx.viewpager2:viewpager2:1.0.0] AndroidManifest.xml:17:1-24:12
MERGED from [androidx.lifecycle:lifecycle-extensions:2.1.0] AndroidManifest.xml:17:1-25:12
MERGED from [com.google.android.gms:play-services-base:17.5.0] AndroidManifest.xml:17:1-29:12
MERGED from [com.google.android.gms:play-services-places-placereport:17.0.0] AndroidManifest.xml:17:1-24:12
MERGED from [com.google.android.gms:play-services-tasks:17.2.0] AndroidManifest.xml:2:1-9:12
MERGED from [com.google.android.gms:play-services-basement:17.5.0] AndroidManifest.xml:17:1-28:12
MERGED from [androidx.fragment:fragment:1.3.6] AndroidManifest.xml:17:1-24:12
MERGED from [androidx.navigation:navigation-runtime:2.3.5] AndroidManifest.xml:17:1-24:12
MERGED from [androidx.activity:activity:1.2.4] AndroidManifest.xml:17:1-24:12
MERGED from [androidx.appcompat:appcompat-resources:1.3.1] AndroidManifest.xml:17:1-24:12
MERGED from [androidx.legacy:legacy-support-core-ui:1.0.0] AndroidManifest.xml:17:1-22:12
MERGED from [androidx.coordinatorlayout:coordinatorlayout:1.1.0] AndroidManifest.xml:17:1-24:12
MERGED from [androidx.dynamicanimation:dynamicanimation:1.0.0] AndroidManifest.xml:17:1-22:12
MERGED from [androidx.vectordrawable:vectordrawable-animated:1.1.0] AndroidManifest.xml:17:1-24:12
MERGED from [androidx.vectordrawable:vectordrawable:1.1.0] AndroidManifest.xml:17:1-24:12
MERGED from [androidx.media:media:1.0.0] AndroidManifest.xml:17:1-22:12
MERGED from [com.mapbox.mapboxsdk:mapbox-android-telemetry:5.0.1] AndroidManifest.xml:2:1-29:12
MERGED from [androidx.legacy:legacy-support-core-utils:1.0.0] AndroidManifest.xml:17:1-22:12
MERGED from [androidx.drawerlayout:drawerlayout:1.1.1] AndroidManifest.xml:17:1-24:12
MERGED from [androidx.transition:transition:1.3.0] AndroidManifest.xml:17:1-24:12
MERGED from [androidx.viewpager:viewpager:1.0.0] AndroidManifest.xml:17:1-22:12
MERGED from [androidx.recyclerview:recyclerview:1.1.0] AndroidManifest.xml:17:1-24:12
MERGED from [androidx.slidingpanelayout:slidingpanelayout:1.0.0] AndroidManifest.xml:17:1-22:12
MERGED from [androidx.customview:customview:1.1.0] AndroidManifest.xml:17:1-24:12
MERGED from [com.mapbox.mapboxsdk:mapbox-android-gestures:0.7.0] AndroidManifest.xml:2:1-11:12
MERGED from [androidx.loader:loader:1.0.0] AndroidManifest.xml:17:1-22:12
MERGED from [androidx.swiperefreshlayout:swiperefreshlayout:1.0.0] AndroidManifest.xml:17:1-22:12
MERGED from [androidx.asynclayoutinflater:asynclayoutinflater:1.0.0] AndroidManifest.xml:17:1-22:12
MERGED from [androidx.navigation:navigation-common:2.3.5] AndroidManifest.xml:17:1-24:12
MERGED from [androidx.core:core:1.5.0] AndroidManifest.xml:17:1-26:12
MERGED from [androidx.lifecycle:lifecycle-process:2.1.0] AndroidManifest.xml:17:1-30:12
MERGED from [androidx.lifecycle:lifecycle-service:2.1.0] AndroidManifest.xml:17:1-22:12
MERGED from [androidx.lifecycle:lifecycle-runtime:2.3.1] AndroidManifest.xml:17:1-24:12
MERGED from [androidx.cursoradapter:cursoradapter:1.0.0] AndroidManifest.xml:17:1-22:12
MERGED from [androidx.lifecycle:lifecycle-viewmodel-savedstate:2.3.1] AndroidManifest.xml:17:1-24:12
MERGED from [androidx.savedstate:savedstate:1.1.0] AndroidManifest.xml:17:1-24:12
MERGED from [androidx.lifecycle:lifecycle-viewmodel:2.3.1] AndroidManifest.xml:17:1-24:12
MERGED from [androidx.cardview:cardview:1.0.0] AndroidManifest.xml:17:1-22:12
MERGED from [androidx.sqlite:sqlite-framework:2.1.0] AndroidManifest.xml:17:1-24:12
MERGED from [androidx.sqlite:sqlite:2.1.0] AndroidManifest.xml:17:1-24:12
MERGED from [com.google.android.datatransport:transport-backend-cct:2.3.0] AndroidManifest.xml:15:1-38:12
MERGED from [com.google.android.datatransport:transport-runtime:2.2.3] AndroidManifest.xml:15:1-41:12
MERGED from [com.github.bumptech.glide:gifdecoder:4.12.0] AndroidManifest.xml:2:1-11:12
MERGED from [androidx.exifinterface:exifinterface:1.2.0] AndroidManifest.xml:17:1-24:12
MERGED from [com.mapbox.mapboxsdk:mapbox-android-accounts:0.7.0] AndroidManifest.xml:2:1-9:12
MERGED from [androidx.lifecycle:lifecycle-livedata:2.1.0] AndroidManifest.xml:17:1-22:12
MERGED from [androidx.lifecycle:lifecycle-livedata-core:2.3.1] AndroidManifest.xml:17:1-24:12
MERGED from [androidx.arch.core:core-runtime:2.1.0] AndroidManifest.xml:17:1-24:12
MERGED from [androidx.versionedparcelable:versionedparcelable:1.1.1] AndroidManifest.xml:17:1-27:12
MERGED from [androidx.tracing:tracing:1.0.0] AndroidManifest.xml:17:1-24:12
MERGED from [androidx.documentfile:documentfile:1.0.0] AndroidManifest.xml:17:1-22:12
MERGED from [androidx.localbroadcastmanager:localbroadcastmanager:1.0.0] AndroidManifest.xml:17:1-22:12
MERGED from [androidx.print:print:1.0.0] AndroidManifest.xml:17:1-22:12
MERGED from [androidx.interpolator:interpolator:1.0.0] AndroidManifest.xml:17:1-22:12
MERGED from [com.google.firebase:firebase-encoders-json:16.1.0] AndroidManifest.xml:15:1-23:12
MERGED from [androidx.annotation:annotation-experimental:1.1.0] AndroidManifest.xml:17:1-24:12
MERGED from [com.android.volley:volley:1.1.1] AndroidManifest.xml:2:1-11:12
MERGED from [com.google.android.datatransport:transport-api:2.2.0] AndroidManifest.xml:15:1-22:12
MERGED from [com.mapbox.mapboxsdk:mapbox-android-core:2.0.1] AndroidManifest.xml:2:1-13:12
INJECTED from src/main/AndroidManifest.xml:2:1-72:12
INJECTED from src/main/AndroidManifest.xml:2:1-72:12
INJECTED from src/main/AndroidManifest.xml:2:1-72:12
	package
		ADDED from src/main/AndroidManifest.xml:3:5-38
		INJECTED from src/main/AndroidManifest.xml
		INJECTED from src/main/AndroidManifest.xml
	android:versionName
		INJECTED from src/main/AndroidManifest.xml
		ADDED from src/main/AndroidManifest.xml:2:1-72:12
		INJECTED from src/main/AndroidManifest.xml
	android:versionCode
		INJECTED from src/main/AndroidManifest.xml
		ADDED from src/main/AndroidManifest.xml:2:1-72:12
		INJECTED from src/main/AndroidManifest.xml
	xmlns:android
		ADDED from src/main/AndroidManifest.xml:2:11-69
uses-sdk
ADDED from src/main/AndroidManifest.xml:5:5-17
INJECTED from src/main/AndroidManifest.xml:5:5-17
INJECTED from src/main/AndroidManifest.xml:5:5-17
MERGED from [androidx.databinding:databinding-adapters:4.2.2] AndroidManifest.xml:20:5-44
MERGED from [androidx.databinding:databinding-adapters:4.2.2] AndroidManifest.xml:20:5-44
MERGED from [androidx.databinding:databinding-runtime:4.2.2] AndroidManifest.xml:20:5-44
MERGED from [androidx.databinding:databinding-runtime:4.2.2] AndroidManifest.xml:20:5-44
MERGED from [androidx.databinding:viewbinding:4.2.2] AndroidManifest.xml:20:5-44
MERGED from [androidx.databinding:viewbinding:4.2.2] AndroidManifest.xml:20:5-44
MERGED from [androidx.navigation:navigation-ui:2.3.5] AndroidManifest.xml:20:5-22:41
MERGED from [androidx.navigation:navigation-ui:2.3.5] AndroidManifest.xml:20:5-22:41
MERGED from [com.google.android.material:material:1.4.0] AndroidManifest.xml:20:5-44
MERGED from [com.google.android.material:material:1.4.0] AndroidManifest.xml:20:5-44
MERGED from [androidx.constraintlayout:constraintlayout:2.1.1] AndroidManifest.xml:5:5-7:41
MERGED from [androidx.constraintlayout:constraintlayout:2.1.1] AndroidManifest.xml:5:5-7:41
MERGED from [com.google.android.libraries.places:places:2.4.0] AndroidManifest.xml:7:5-44
MERGED from [com.google.android.libraries.places:places:2.4.0] AndroidManifest.xml:7:5-44
MERGED from [androidx.appcompat:appcompat:1.3.1] AndroidManifest.xml:20:5-22:41
MERGED from [androidx.appcompat:appcompat:1.3.1] AndroidManifest.xml:20:5-22:41
MERGED from [androidx.legacy:legacy-support-v4:1.0.0] AndroidManifest.xml:20:5-44
MERGED from [androidx.legacy:legacy-support-v4:1.0.0] AndroidManifest.xml:20:5-44
MERGED from [androidx.navigation:navigation-fragment:2.3.5] AndroidManifest.xml:20:5-22:41
MERGED from [androidx.navigation:navigation-fragment:2.3.5] AndroidManifest.xml:20:5-22:41
MERGED from [androidx.room:room-runtime:2.3.0] AndroidManifest.xml:20:5-22:41
MERGED from [androidx.room:room-runtime:2.3.0] AndroidManifest.xml:20:5-22:41
MERGED from [com.google.android.gms:play-services-location:18.0.0] AndroidManifest.xml:5:5-44
MERGED from [com.google.android.gms:play-services-location:18.0.0] AndroidManifest.xml:5:5-44
MERGED from [com.google.android.gms:play-services-maps:17.0.1] AndroidManifest.xml:20:5-44
MERGED from [com.google.android.gms:play-services-maps:17.0.1] AndroidManifest.xml:20:5-44
MERGED from [com.google.maps.android:android-maps-utils:2.2.0] AndroidManifest.xml:7:5-9:41
MERGED from [com.google.maps.android:android-maps-utils:2.2.0] AndroidManifest.xml:7:5-9:41
MERGED from [com.github.bumptech.glide:glide:4.12.0] AndroidManifest.xml:6:5-8:41
MERGED from [com.github.bumptech.glide:glide:4.12.0] AndroidManifest.xml:6:5-8:41
MERGED from [com.mapbox.mapboxsdk:mapbox-android-sdk:9.2.0] AndroidManifest.xml:5:5-7:41
MERGED from [com.mapbox.mapboxsdk:mapbox-android-sdk:9.2.0] AndroidManifest.xml:5:5-7:41
MERGED from [org.tensorflow:tensorflow-lite-support:0.0.0-nightly] AndroidManifest.xml:4:3-71
MERGED from [org.tensorflow:tensorflow-lite-support:0.0.0-nightly] AndroidManifest.xml:4:3-71
MERGED from [org.tensorflow:tensorflow-lite:0.0.0-nightly] AndroidManifest.xml:7:5-8:41
MERGED from [org.tensorflow:tensorflow-lite:0.0.0-nightly] AndroidManifest.xml:7:5-8:41
MERGED from [org.tensorflow:tensorflow-lite-gpu:0.0.0-nightly] AndroidManifest.xml:7:5-8:41
MERGED from [org.tensorflow:tensorflow-lite-gpu:0.0.0-nightly] AndroidManifest.xml:7:5-8:41
MERGED from [androidx.viewpager2:viewpager2:1.0.0] AndroidManifest.xml:20:5-22:41
MERGED from [androidx.viewpager2:viewpager2:1.0.0] AndroidManifest.xml:20:5-22:41
MERGED from [androidx.lifecycle:lifecycle-extensions:2.1.0] AndroidManifest.xml:20:5-44
MERGED from [androidx.lifecycle:lifecycle-extensions:2.1.0] AndroidManifest.xml:20:5-44
MERGED from [com.google.android.gms:play-services-base:17.5.0] AndroidManifest.xml:20:5-44
MERGED from [com.google.android.gms:play-services-base:17.5.0] AndroidManifest.xml:20:5-44
MERGED from [com.google.android.gms:play-services-places-placereport:17.0.0] AndroidManifest.xml:20:5-44
MERGED from [com.google.android.gms:play-services-places-placereport:17.0.0] AndroidManifest.xml:20:5-44
MERGED from [com.google.android.gms:play-services-tasks:17.2.0] AndroidManifest.xml:5:5-44
MERGED from [com.google.android.gms:play-services-tasks:17.2.0] AndroidManifest.xml:5:5-44
MERGED from [com.google.android.gms:play-services-basement:17.5.0] AndroidManifest.xml:20:5-44
MERGED from [com.google.android.gms:play-services-basement:17.5.0] AndroidManifest.xml:20:5-44
MERGED from [androidx.fragment:fragment:1.3.6] AndroidManifest.xml:20:5-22:41
MERGED from [androidx.fragment:fragment:1.3.6] AndroidManifest.xml:20:5-22:41
MERGED from [androidx.navigation:navigation-runtime:2.3.5] AndroidManifest.xml:20:5-22:41
MERGED from [androidx.navigation:navigation-runtime:2.3.5] AndroidManifest.xml:20:5-22:41
MERGED from [androidx.activity:activity:1.2.4] AndroidManifest.xml:20:5-22:41
MERGED from [androidx.activity:activity:1.2.4] AndroidManifest.xml:20:5-22:41
MERGED from [androidx.appcompat:appcompat-resources:1.3.1] AndroidManifest.xml:20:5-22:41
MERGED from [androidx.appcompat:appcompat-resources:1.3.1] AndroidManifest.xml:20:5-22:41
MERGED from [androidx.legacy:legacy-support-core-ui:1.0.0] AndroidManifest.xml:20:5-44
MERGED from [androidx.legacy:legacy-support-core-ui:1.0.0] AndroidManifest.xml:20:5-44
MERGED from [androidx.coordinatorlayout:coordinatorlayout:1.1.0] AndroidManifest.xml:20:5-22:41
MERGED from [androidx.coordinatorlayout:coordinatorlayout:1.1.0] AndroidManifest.xml:20:5-22:41
MERGED from [androidx.dynamicanimation:dynamicanimation:1.0.0] AndroidManifest.xml:20:5-44
MERGED from [androidx.dynamicanimation:dynamicanimation:1.0.0] AndroidManifest.xml:20:5-44
MERGED from [androidx.vectordrawable:vectordrawable-animated:1.1.0] AndroidManifest.xml:20:5-22:41
MERGED from [androidx.vectordrawable:vectordrawable-animated:1.1.0] AndroidManifest.xml:20:5-22:41
MERGED from [androidx.vectordrawable:vectordrawable:1.1.0] AndroidManifest.xml:20:5-22:41
MERGED from [androidx.vectordrawable:vectordrawable:1.1.0] AndroidManifest.xml:20:5-22:41
MERGED from [androidx.media:media:1.0.0] AndroidManifest.xml:20:5-44
MERGED from [androidx.media:media:1.0.0] AndroidManifest.xml:20:5-44
MERGED from [com.mapbox.mapboxsdk:mapbox-android-telemetry:5.0.1] AndroidManifest.xml:7:5-9:41
MERGED from [com.mapbox.mapboxsdk:mapbox-android-telemetry:5.0.1] AndroidManifest.xml:7:5-9:41
MERGED from [androidx.legacy:legacy-support-core-utils:1.0.0] AndroidManifest.xml:20:5-44
MERGED from [androidx.legacy:legacy-support-core-utils:1.0.0] AndroidManifest.xml:20:5-44
MERGED from [androidx.drawerlayout:drawerlayout:1.1.1] AndroidManifest.xml:20:5-22:41
MERGED from [androidx.drawerlayout:drawerlayout:1.1.1] AndroidManifest.xml:20:5-22:41
MERGED from [androidx.transition:transition:1.3.0] AndroidManifest.xml:20:5-22:41
MERGED from [androidx.transition:transition:1.3.0] AndroidManifest.xml:20:5-22:41
MERGED from [androidx.viewpager:viewpager:1.0.0] AndroidManifest.xml:20:5-44
MERGED from [androidx.viewpager:viewpager:1.0.0] AndroidManifest.xml:20:5-44
MERGED from [androidx.recyclerview:recyclerview:1.1.0] AndroidManifest.xml:20:5-22:41
MERGED from [androidx.recyclerview:recyclerview:1.1.0] AndroidManifest.xml:20:5-22:41
MERGED from [androidx.slidingpanelayout:slidingpanelayout:1.0.0] AndroidManifest.xml:20:5-44
MERGED from [androidx.slidingpanelayout:slidingpanelayout:1.0.0] AndroidManifest.xml:20:5-44
MERGED from [androidx.customview:customview:1.1.0] AndroidManifest.xml:20:5-22:41
MERGED from [androidx.customview:customview:1.1.0] AndroidManifest.xml:20:5-22:41
MERGED from [com.mapbox.mapboxsdk:mapbox-android-gestures:0.7.0] AndroidManifest.xml:7:5-9:41
MERGED from [com.mapbox.mapboxsdk:mapbox-android-gestures:0.7.0] AndroidManifest.xml:7:5-9:41
MERGED from [androidx.loader:loader:1.0.0] AndroidManifest.xml:20:5-44
MERGED from [androidx.loader:loader:1.0.0] AndroidManifest.xml:20:5-44
MERGED from [androidx.swiperefreshlayout:swiperefreshlayout:1.0.0] AndroidManifest.xml:20:5-44
MERGED from [androidx.swiperefreshlayout:swiperefreshlayout:1.0.0] AndroidManifest.xml:20:5-44
MERGED from [androidx.asynclayoutinflater:asynclayoutinflater:1.0.0] AndroidManifest.xml:20:5-44
MERGED from [androidx.asynclayoutinflater:asynclayoutinflater:1.0.0] AndroidManifest.xml:20:5-44
MERGED from [androidx.navigation:navigation-common:2.3.5] AndroidManifest.xml:20:5-22:41
MERGED from [androidx.navigation:navigation-common:2.3.5] AndroidManifest.xml:20:5-22:41
MERGED from [androidx.core:core:1.5.0] AndroidManifest.xml:20:5-22:41
MERGED from [androidx.core:core:1.5.0] AndroidManifest.xml:20:5-22:41
MERGED from [androidx.lifecycle:lifecycle-process:2.1.0] AndroidManifest.xml:20:5-44
MERGED from [androidx.lifecycle:lifecycle-process:2.1.0] AndroidManifest.xml:20:5-44
MERGED from [androidx.lifecycle:lifecycle-service:2.1.0] AndroidManifest.xml:20:5-44
MERGED from [androidx.lifecycle:lifecycle-service:2.1.0] AndroidManifest.xml:20:5-44
MERGED from [androidx.lifecycle:lifecycle-runtime:2.3.1] AndroidManifest.xml:20:5-22:41
MERGED from [androidx.lifecycle:lifecycle-runtime:2.3.1] AndroidManifest.xml:20:5-22:41
MERGED from [androidx.cursoradapter:cursoradapter:1.0.0] AndroidManifest.xml:20:5-44
MERGED from [androidx.cursoradapter:cursoradapter:1.0.0] AndroidManifest.xml:20:5-44
MERGED from [androidx.lifecycle:lifecycle-viewmodel-savedstate:2.3.1] AndroidManifest.xml:20:5-22:41
MERGED from [androidx.lifecycle:lifecycle-viewmodel-savedstate:2.3.1] AndroidManifest.xml:20:5-22:41
MERGED from [androidx.savedstate:savedstate:1.1.0] AndroidManifest.xml:20:5-22:41
MERGED from [androidx.savedstate:savedstate:1.1.0] AndroidManifest.xml:20:5-22:41
MERGED from [androidx.lifecycle:lifecycle-viewmodel:2.3.1] AndroidManifest.xml:20:5-22:41
MERGED from [androidx.lifecycle:lifecycle-viewmodel:2.3.1] AndroidManifest.xml:20:5-22:41
MERGED from [androidx.cardview:cardview:1.0.0] AndroidManifest.xml:20:5-44
MERGED from [androidx.cardview:cardview:1.0.0] AndroidManifest.xml:20:5-44
MERGED from [androidx.sqlite:sqlite-framework:2.1.0] AndroidManifest.xml:20:5-22:41
MERGED from [androidx.sqlite:sqlite-framework:2.1.0] AndroidManifest.xml:20:5-22:41
MERGED from [androidx.sqlite:sqlite:2.1.0] AndroidManifest.xml:20:5-22:41
MERGED from [androidx.sqlite:sqlite:2.1.0] AndroidManifest.xml:20:5-22:41
MERGED from [com.google.android.datatransport:transport-backend-cct:2.3.0] AndroidManifest.xml:19:5-21:41
MERGED from [com.google.android.datatransport:transport-backend-cct:2.3.0] AndroidManifest.xml:19:5-21:41
MERGED from [com.google.android.datatransport:transport-runtime:2.2.3] AndroidManifest.xml:18:5-20:41
MERGED from [com.google.android.datatransport:transport-runtime:2.2.3] AndroidManifest.xml:18:5-20:41
MERGED from [com.github.bumptech.glide:gifdecoder:4.12.0] AndroidManifest.xml:5:5-7:41
MERGED from [com.github.bumptech.glide:gifdecoder:4.12.0] AndroidManifest.xml:5:5-7:41
MERGED from [androidx.exifinterface:exifinterface:1.2.0] AndroidManifest.xml:20:5-22:41
MERGED from [androidx.exifinterface:exifinterface:1.2.0] AndroidManifest.xml:20:5-22:41
MERGED from [com.mapbox.mapboxsdk:mapbox-android-accounts:0.7.0] AndroidManifest.xml:5:5-7:41
MERGED from [com.mapbox.mapboxsdk:mapbox-android-accounts:0.7.0] AndroidManifest.xml:5:5-7:41
MERGED from [androidx.lifecycle:lifecycle-livedata:2.1.0] AndroidManifest.xml:20:5-44
MERGED from [androidx.lifecycle:lifecycle-livedata:2.1.0] AndroidManifest.xml:20:5-44
MERGED from [androidx.lifecycle:lifecycle-livedata-core:2.3.1] AndroidManifest.xml:20:5-22:41
MERGED from [androidx.lifecycle:lifecycle-livedata-core:2.3.1] AndroidManifest.xml:20:5-22:41
MERGED from [androidx.arch.core:core-runtime:2.1.0] AndroidManifest.xml:20:5-22:41
MERGED from [androidx.arch.core:core-runtime:2.1.0] AndroidManifest.xml:20:5-22:41
MERGED from [androidx.versionedparcelable:versionedparcelable:1.1.1] AndroidManifest.xml:20:5-22:41
MERGED from [androidx.versionedparcelable:versionedparcelable:1.1.1] AndroidManifest.xml:20:5-22:41
MERGED from [androidx.tracing:tracing:1.0.0] AndroidManifest.xml:20:5-22:41
MERGED from [androidx.tracing:tracing:1.0.0] AndroidManifest.xml:20:5-22:41
MERGED from [androidx.documentfile:documentfile:1.0.0] AndroidManifest.xml:20:5-44
MERGED from [androidx.documentfile:documentfile:1.0.0] AndroidManifest.xml:20:5-44
MERGED from [androidx.localbroadcastmanager:localbroadcastmanager:1.0.0] AndroidManifest.xml:20:5-44
MERGED from [androidx.localbroadcastmanager:localbroadcastmanager:1.0.0] AndroidManifest.xml:20:5-44
MERGED from [androidx.print:print:1.0.0] AndroidManifest.xml:20:5-44
MERGED from [androidx.print:print:1.0.0] AndroidManifest.xml:20:5-44
MERGED from [androidx.interpolator:interpolator:1.0.0] AndroidManifest.xml:20:5-44
MERGED from [androidx.interpolator:interpolator:1.0.0] AndroidManifest.xml:20:5-44
MERGED from [com.google.firebase:firebase-encoders-json:16.1.0] AndroidManifest.xml:19:5-21:41
MERGED from [com.google.firebase:firebase-encoders-json:16.1.0] AndroidManifest.xml:19:5-21:41
MERGED from [androidx.annotation:annotation-experimental:1.1.0] AndroidManifest.xml:20:5-22:41
MERGED from [androidx.annotation:annotation-experimental:1.1.0] AndroidManifest.xml:20:5-22:41
MERGED from [com.android.volley:volley:1.1.1] AndroidManifest.xml:7:5-43
MERGED from [com.android.volley:volley:1.1.1] AndroidManifest.xml:7:5-43
MERGED from [com.google.android.datatransport:transport-api:2.2.0] AndroidManifest.xml:18:5-20:41
MERGED from [com.google.android.datatransport:transport-api:2.2.0] AndroidManifest.xml:18:5-20:41
MERGED from [com.mapbox.mapboxsdk:mapbox-android-core:2.0.1] AndroidManifest.xml:7:5-9:41
MERGED from [com.mapbox.mapboxsdk:mapbox-android-core:2.0.1] AndroidManifest.xml:7:5-9:41
INJECTED from src/main/AndroidManifest.xml:5:5-17
INJECTED from src/main/AndroidManifest.xml:5:5-17
	android:targetSdkVersion
		INJECTED from src/main/AndroidManifest.xml
		ADDED from src/main/AndroidManifest.xml:5:5-17
		INJECTED from src/main/AndroidManifest.xml
	android:minSdkVersion
		INJECTED from src/main/AndroidManifest.xml
		ADDED from src/main/AndroidManifest.xml:5:5-17
		MERGED from src/main/AndroidManifest.xml:5:5-17
		MERGED from src/main/AndroidManifest.xml:5:5-17
		INJECTED from src/main/AndroidManifest.xml
uses-permission#android.permission.CAMERA
ADDED from src/main/AndroidManifest.xml:7:5-65
	android:name
		ADDED from src/main/AndroidManifest.xml:7:22-62
uses-feature#android.hardware.camera
ADDED from src/main/AndroidManifest.xml:9:5-60
	android:name
		ADDED from src/main/AndroidManifest.xml:9:19-57
uses-feature#android.hardware.camera.autofocus
ADDED from src/main/AndroidManifest.xml:10:5-70
	android:name
		ADDED from src/main/AndroidManifest.xml:10:19-67
uses-permission#android.permission.INTERNET
ADDED from src/main/AndroidManifest.xml:12:5-67
MERGED from [com.google.android.libraries.places:places:2.4.0] AndroidManifest.xml:11:5-67
MERGED from [com.google.android.libraries.places:places:2.4.0] AndroidManifest.xml:11:5-67
MERGED from [com.google.android.gms:play-services-maps:17.0.1] AndroidManifest.xml:24:5-67
MERGED from [com.google.android.gms:play-services-maps:17.0.1] AndroidManifest.xml:24:5-67
MERGED from [com.mapbox.mapboxsdk:mapbox-android-sdk:9.2.0] AndroidManifest.xml:16:5-67
MERGED from [com.mapbox.mapboxsdk:mapbox-android-sdk:9.2.0] AndroidManifest.xml:16:5-67
MERGED from [com.mapbox.mapboxsdk:mapbox-android-telemetry:5.0.1] AndroidManifest.xml:15:5-67
MERGED from [com.mapbox.mapboxsdk:mapbox-android-telemetry:5.0.1] AndroidManifest.xml:15:5-67
MERGED from [com.google.android.datatransport:transport-backend-cct:2.3.0] AndroidManifest.xml:26:5-67
MERGED from [com.google.android.datatransport:transport-backend-cct:2.3.0] AndroidManifest.xml:26:5-67
	android:name
		ADDED from src/main/AndroidManifest.xml:12:22-64
uses-permission#android.permission.ACCESS_FINE_LOCATION
ADDED from src/main/AndroidManifest.xml:13:5-79
MERGED from [com.google.android.libraries.places:places:2.4.0] AndroidManifest.xml:9:5-79
MERGED from [com.google.android.libraries.places:places:2.4.0] AndroidManifest.xml:9:5-79
MERGED from [com.mapbox.mapboxsdk:mapbox-android-sdk:9.2.0] AndroidManifest.xml:19:5-79
MERGED from [com.mapbox.mapboxsdk:mapbox-android-sdk:9.2.0] AndroidManifest.xml:19:5-79
	android:name
		ADDED from src/main/AndroidManifest.xml:13:22-76
uses-permission#android.permission.ACCESS_BACKGROUND_LOCATION
ADDED from src/main/AndroidManifest.xml:14:5-85
	android:name
		ADDED from src/main/AndroidManifest.xml:14:22-82
uses-permission#android.permission.READ_EXTERNAL_STORAGE
ADDED from src/main/AndroidManifest.xml:15:5-80
	android:name
		ADDED from src/main/AndroidManifest.xml:15:22-77
uses-permission#android.permission.WRITE_EXTERNAL_STORAGE
ADDED from src/main/AndroidManifest.xml:16:5-81
	android:name
		ADDED from src/main/AndroidManifest.xml:16:22-78
uses-permission#android.permission.ACCESS_NETWORK_STATE
ADDED from src/main/AndroidManifest.xml:17:5-79
MERGED from [com.google.android.gms:play-services-maps:17.0.1] AndroidManifest.xml:23:5-79
MERGED from [com.google.android.gms:play-services-maps:17.0.1] AndroidManifest.xml:23:5-79
MERGED from [com.mapbox.mapboxsdk:mapbox-android-sdk:9.2.0] AndroidManifest.xml:17:5-79
MERGED from [com.mapbox.mapboxsdk:mapbox-android-sdk:9.2.0] AndroidManifest.xml:17:5-79
MERGED from [com.mapbox.mapboxsdk:mapbox-android-telemetry:5.0.1] AndroidManifest.xml:13:5-79
MERGED from [com.mapbox.mapboxsdk:mapbox-android-telemetry:5.0.1] AndroidManifest.xml:13:5-79
MERGED from [com.google.android.datatransport:transport-backend-cct:2.3.0] AndroidManifest.xml:25:5-79
MERGED from [com.google.android.datatransport:transport-backend-cct:2.3.0] AndroidManifest.xml:25:5-79
MERGED from [com.google.android.datatransport:transport-runtime:2.2.3] AndroidManifest.xml:22:5-79
MERGED from [com.google.android.datatransport:transport-runtime:2.2.3] AndroidManifest.xml:22:5-79
MERGED from [com.mapbox.mapboxsdk:mapbox-android-core:2.0.1] AndroidManifest.xml:11:5-79
MERGED from [com.mapbox.mapboxsdk:mapbox-android-core:2.0.1] AndroidManifest.xml:11:5-79
	android:name
		ADDED from src/main/AndroidManifest.xml:17:22-76
uses-permission#android.permission.ACCESS_COARSE_LOCATION
ADDED from src/main/AndroidManifest.xml:18:5-81
	android:name
		ADDED from src/main/AndroidManifest.xml:18:22-78
application
ADDED from src/main/AndroidManifest.xml:21:5-70:19
MERGED from [com.google.android.material:material:1.4.0] AndroidManifest.xml:22:5-20
MERGED from [com.google.android.material:material:1.4.0] AndroidManifest.xml:22:5-20
MERGED from [androidx.constraintlayout:constraintlayout:2.1.1] AndroidManifest.xml:9:5-20
MERGED from [androidx.constraintlayout:constraintlayout:2.1.1] AndroidManifest.xml:9:5-20
MERGED from [com.google.android.libraries.places:places:2.4.0] AndroidManifest.xml:13:5-21:19
MERGED from [com.google.android.libraries.places:places:2.4.0] AndroidManifest.xml:13:5-21:19
MERGED from [androidx.room:room-runtime:2.3.0] AndroidManifest.xml:24:5-29:19
MERGED from [androidx.room:room-runtime:2.3.0] AndroidManifest.xml:24:5-29:19
MERGED from [com.google.android.gms:play-services-location:18.0.0] AndroidManifest.xml:7:5-20
MERGED from [com.google.android.gms:play-services-location:18.0.0] AndroidManifest.xml:7:5-20
MERGED from [com.google.android.gms:play-services-maps:17.0.1] AndroidManifest.xml:36:5-42:19
MERGED from [com.google.android.gms:play-services-maps:17.0.1] AndroidManifest.xml:36:5-42:19
MERGED from [com.google.maps.android:android-maps-utils:2.2.0] AndroidManifest.xml:11:5-15:19
MERGED from [com.google.maps.android:android-maps-utils:2.2.0] AndroidManifest.xml:11:5-15:19
MERGED from [com.github.bumptech.glide:glide:4.12.0] AndroidManifest.xml:10:5-20
MERGED from [com.github.bumptech.glide:glide:4.12.0] AndroidManifest.xml:10:5-20
MERGED from [org.tensorflow:tensorflow-lite:0.0.0-nightly] AndroidManifest.xml:10:5-20
MERGED from [org.tensorflow:tensorflow-lite:0.0.0-nightly] AndroidManifest.xml:10:5-20
MERGED from [org.tensorflow:tensorflow-lite-gpu:0.0.0-nightly] AndroidManifest.xml:10:5-20
MERGED from [org.tensorflow:tensorflow-lite-gpu:0.0.0-nightly] AndroidManifest.xml:10:5-20
MERGED from [androidx.lifecycle:lifecycle-extensions:2.1.0] AndroidManifest.xml:22:5-23:19
MERGED from [androidx.lifecycle:lifecycle-extensions:2.1.0] AndroidManifest.xml:22:5-23:19
MERGED from [com.google.android.gms:play-services-base:17.5.0] AndroidManifest.xml:22:5-27:19
MERGED from [com.google.android.gms:play-services-base:17.5.0] AndroidManifest.xml:22:5-27:19
MERGED from [com.google.android.gms:play-services-places-placereport:17.0.0] AndroidManifest.xml:22:5-20
MERGED from [com.google.android.gms:play-services-places-placereport:17.0.0] AndroidManifest.xml:22:5-20
MERGED from [com.google.android.gms:play-services-tasks:17.2.0] AndroidManifest.xml:7:5-20
MERGED from [com.google.android.gms:play-services-tasks:17.2.0] AndroidManifest.xml:7:5-20
MERGED from [com.google.android.gms:play-services-basement:17.5.0] AndroidManifest.xml:22:5-26:19
MERGED from [com.google.android.gms:play-services-basement:17.5.0] AndroidManifest.xml:22:5-26:19
MERGED from [com.mapbox.mapboxsdk:mapbox-android-telemetry:5.0.1] AndroidManifest.xml:17:5-27:19
MERGED from [com.mapbox.mapboxsdk:mapbox-android-telemetry:5.0.1] AndroidManifest.xml:17:5-27:19
MERGED from [androidx.core:core:1.5.0] AndroidManifest.xml:24:5-89
MERGED from [androidx.core:core:1.5.0] AndroidManifest.xml:24:5-89
MERGED from [androidx.lifecycle:lifecycle-process:2.1.0] AndroidManifest.xml:22:5-28:19
MERGED from [androidx.lifecycle:lifecycle-process:2.1.0] AndroidManifest.xml:22:5-28:19
MERGED from [com.google.android.datatransport:transport-backend-cct:2.3.0] AndroidManifest.xml:28:5-36:19
MERGED from [com.google.android.datatransport:transport-backend-cct:2.3.0] AndroidManifest.xml:28:5-36:19
MERGED from [com.google.android.datatransport:transport-runtime:2.2.3] AndroidManifest.xml:25:5-39:19